2023-05-21 22:02:44 [scrapy] DEBUG: Crawled (200) <GET https://myanimelist.net/robots.txt> (referer: None)
2023-05-21 22:02:44 [scrapy] DEBUG: Crawled (200) <GET https://myanimelist.net/animelist/zirolet?status=1> (referer: None)
2023-05-21 22:02:45 [scrapy] DEBUG: Scraped from <200 https://myanimelist.net/animelist/zirolet?status=1>
{'title': 'Kimetsu no Yaiba: Katanakaji no Sato-hen', 'src': 'https://cdn.myanimelist.net/r/192x272/images/anime/1780/135985.jpg?s=4a6f0681e92368de0dfb5746471bc82f'}
2023-05-21 22:02:45 [scrapy] DEBUG: Scraped from <200 https://myanimelist.net/animelist/zirolet?status=1>
{'title': 'Jigokuraku', 'src': 'https://cdn.myanimelist.net/r/192x272/images/anime/1075/131925.jpg?s=d7a306cad06c4f49cd1064d59616320f'}
2023-05-21 22:02:45 [scrapy] DEBUG: Scraped from <200 https://myanimelist.net/animelist/zirolet?status=1>
{'title': 'Mashle', 'src': 'https://cdn.myanimelist.net/r/192x272/images/anime/1218/135107.jpg?s=2af98e8794783cfce0792b5e957b815d'}
2023-05-21 22:02:45 [scrapy] DEBUG: Scraped from <200 https://myanimelist.net/animelist/zirolet?status=1>
{'title': 'One Piece', 'src': 'https://cdn.myanimelist.net/r/192x272/images/anime/6/73245.jpg?s=4609b251218929ae258ac91bdcbe67c3'}
2023-05-21 22:02:45 [scrapy] INFO: Closing spider (finished)
2023-05-21 22:02:45 [scrapy] INFO: Dumping Scrapy stats:
{'downloader/request_bytes': 466,
 'downloader/request_count': 2,
 'downloader/request_method_count/GET': 2,
 'downloader/response_bytes': 67121,
 'downloader/response_count': 2,
 'downloader/response_status_count/200': 2,
 'elapsed_time_seconds': 0.565174,
 'finish_reason': 'finished',
 'finish_time': datetime.datetime(2023, 5, 22, 3, 2, 45, 80040),
 'item_scraped_count': 4,
 'log_count/DEBUG': 6,
 'log_count/INFO': 7,
 'log_count/WARNING': 1,
 'response_received_count': 2,
 'robotstxt/request_count': 1,
 'robotstxt/response_count': 1,
 'robotstxt/response_status_count/200': 1,
 'scheduler/dequeued': 1,
 'scheduler/dequeued/memory': 1,
 'scheduler/enqueued': 1,
 'scheduler/enqueued/memory': 1,
 'start_time': datetime.datetime(2023, 5, 22, 3, 2, 44, 514866)}
2023-05-21 22:02:45 [scrapy] INFO: Spider closed (finished)
