2023-05-22 15:45:29 [scrapy] DEBUG: Crawled (200) <GET https://myanimelist.net/robots.txt> (referer: None)
2023-05-22 15:45:29 [scrapy] DEBUG: Crawled (200) <GET https://myanimelist.net/animelist/teodora20?status=1> (referer: None)
2023-05-22 15:45:29 [scrapy] DEBUG: Scraped from <200 https://myanimelist.net/animelist/teodora20?status=1>
{'title': 'Shingeki no Kyojin OVA', 'src': 'https://cdn.myanimelist.net/r/192x272/images/anime/9/59221.jpg?s=a8c29b9e58809560cb75c24f3f299523'}
2023-05-22 15:45:29 [scrapy] DEBUG: Scraped from <200 https://myanimelist.net/animelist/teodora20?status=1>
{'title': 'Shingeki no Kyojin: The Final Season - Kanketsu-hen', 'src': 'https://cdn.myanimelist.net/r/192x272/images/anime/1279/131078.jpg?s=feaf7186d8711f72ab0b13c0777e158b'}
2023-05-22 15:45:29 [scrapy] DEBUG: Scraped from <200 https://myanimelist.net/animelist/teodora20?status=1>
{'title': 'Black Clover', 'src': 'https://cdn.myanimelist.net/r/192x272/images/anime/2/88336.jpg?s=de555da9615451c395c487fbcd3aa715'}
2023-05-22 15:45:29 [scrapy] DEBUG: Scraped from <200 https://myanimelist.net/animelist/teodora20?status=1>
{'title': 'Bungou Stray Dogs 4th Season', 'src': 'https://cdn.myanimelist.net/r/192x272/images/anime/1263/132759.jpg?s=77b39cfb42c89fe54afc8bb65728ba29'}
2023-05-22 15:45:29 [scrapy] DEBUG: Scraped from <200 https://myanimelist.net/animelist/teodora20?status=1>
{'title': 'Bungou Stray Dogs Wan!', 'src': 'https://cdn.myanimelist.net/r/192x272/images/anime/1293/111430.jpg?s=82b4e61ab551dd3937f0e4eb1637df65'}
2023-05-22 15:45:29 [scrapy] DEBUG: Scraped from <200 https://myanimelist.net/animelist/teodora20?status=1>
{'title': 'Chainsaw Man', 'src': 'https://cdn.myanimelist.net/r/192x272/images/anime/1806/126216.jpg?s=6ec84201471890577a860594817833f7'}
2023-05-22 15:45:29 [scrapy] DEBUG: Scraped from <200 https://myanimelist.net/animelist/teodora20?status=1>
{'title': 'Nana', 'src': 'https://cdn.myanimelist.net/r/192x272/images/anime/2/11232.jpg?s=b43463932f8898df80978f207b199a32'}
2023-05-22 15:45:29 [scrapy] DEBUG: Scraped from <200 https://myanimelist.net/animelist/teodora20?status=1>
{'title': 'Spy x Family Part 2', 'src': 'https://cdn.myanimelist.net/r/192x272/images/anime/1111/127508.jpg?s=ac29a3b4c032a7bf566c63f277a68822'}
2023-05-22 15:45:29 [scrapy] INFO: Closing spider (finished)
2023-05-22 15:45:29 [scrapy] INFO: Dumping Scrapy stats:
{'downloader/request_bytes': 468,
 'downloader/request_count': 2,
 'downloader/request_method_count/GET': 2,
 'downloader/response_bytes': 81624,
 'downloader/response_count': 2,
 'downloader/response_status_count/200': 2,
 'elapsed_time_seconds': 0.844879,
 'finish_reason': 'finished',
 'finish_time': datetime.datetime(2023, 5, 22, 20, 45, 29, 623863),
 'item_scraped_count': 8,
 'log_count/DEBUG': 10,
 'log_count/INFO': 7,
 'log_count/WARNING': 2,
 'response_received_count': 2,
 'robotstxt/request_count': 1,
 'robotstxt/response_count': 1,
 'robotstxt/response_status_count/200': 1,
 'scheduler/dequeued': 1,
 'scheduler/dequeued/memory': 1,
 'scheduler/enqueued': 1,
 'scheduler/enqueued/memory': 1,
 'start_time': datetime.datetime(2023, 5, 22, 20, 45, 28, 778984)}
2023-05-22 15:45:29 [scrapy] INFO: Spider closed (finished)
